[28-Jan-2024 05:26:34 UTC] PHP Warning:  PHP Startup: Unable to load dynamic library 'oci8_12c' (tried: ext\oci8_12c (Le module spécifié est introuvable), ext\php_oci8_12c.dll (Le module spécifié est introuvable)) in Unknown on line 0
[28-Jan-2024 05:26:34 UTC] PHP Warning:  PHP Startup: Unable to load dynamic library 'oci8_19' (tried: ext\oci8_19 (Le module spécifié est introuvable), ext\php_oci8_19.dll (Le module spécifié est introuvable)) in Unknown on line 0
[28-Jan-2024 05:26:34 UTC] PHP Warning:  PHP Startup: Unable to load dynamic library 'pdo_firebird' (tried: ext\pdo_firebird (Le module spécifié est introuvable), ext\php_pdo_firebird.dll (Le module spécifié est introuvable)) in Unknown on line 0
[28-Jan-2024 05:26:34 UTC] PHP Warning:  PHP Startup: Unable to load dynamic library 'pdo_oci' (tried: ext\pdo_oci (Le module spécifié est introuvable), ext\php_pdo_oci.dll (Le module spécifié est introuvable)) in Unknown on line 0
[28-Jan-2024 05:26:34 UTC] PHP Warning:  PDO::exec(): SQLSTATE[HY000]: General error: 1 near "EXIST": syntax error in C:\Users\brion\Documents\IUT\2A\SEMESTRE2\SAE\WEB\SAE_Web\creationBD.php on line 22
[28-Jan-2024 05:26:34 UTC] PHP Warning:  PDO::prepare(): SQLSTATE[HY000]: General error: 1 no such table: COMPTE in C:\Users\brion\Documents\IUT\2A\SEMESTRE2\SAE\WEB\SAE_Web\creationBD.php on line 30
[28-Jan-2024 05:26:34 UTC] PHP Fatal error:  Uncaught Error: Call to a member function bindParam() on false in C:\Users\brion\Documents\IUT\2A\SEMESTRE2\SAE\WEB\SAE_Web\creationBD.php:31
Stack trace:
#0 {main}
  thrown in C:\Users\brion\Documents\IUT\2A\SEMESTRE2\SAE\WEB\SAE_Web\creationBD.php on line 31
[28-Jan-2024 05:27:50 UTC] PHP Warning:  PHP Startup: Unable to load dynamic library 'oci8_12c' (tried: ext\oci8_12c (Le module spécifié est introuvable), ext\php_oci8_12c.dll (Le module spécifié est introuvable)) in Unknown on line 0
[28-Jan-2024 05:27:50 UTC] PHP Warning:  PHP Startup: Unable to load dynamic library 'oci8_19' (tried: ext\oci8_19 (Le module spécifié est introuvable), ext\php_oci8_19.dll (Le module spécifié est introuvable)) in Unknown on line 0
[28-Jan-2024 05:27:50 UTC] PHP Warning:  PHP Startup: Unable to load dynamic library 'pdo_firebird' (tried: ext\pdo_firebird (Le module spécifié est introuvable), ext\php_pdo_firebird.dll (Le module spécifié est introuvable)) in Unknown on line 0
[28-Jan-2024 05:27:50 UTC] PHP Warning:  PHP Startup: Unable to load dynamic library 'pdo_oci' (tried: ext\pdo_oci (Le module spécifié est introuvable), ext\php_pdo_oci.dll (Le module spécifié est introuvable)) in Unknown on line 0
[28-Jan-2024 05:27:50 UTC] PHP Warning:  PDO::exec(): SQLSTATE[HY000]: General error: 1 near "EXIST": syntax error in C:\Users\brion\Documents\IUT\2A\SEMESTRE2\SAE\WEB\SAE_Web\creationBD.php on line 22
[28-Jan-2024 05:27:50 UTC] PHP Warning:  PDO::prepare(): SQLSTATE[HY000]: General error: 1 no such table: COMPTE in C:\Users\brion\Documents\IUT\2A\SEMESTRE2\SAE\WEB\SAE_Web\creationBD.php on line 30
[28-Jan-2024 05:27:50 UTC] PHP Fatal error:  Uncaught Error: Call to a member function bindParam() on false in C:\Users\brion\Documents\IUT\2A\SEMESTRE2\SAE\WEB\SAE_Web\creationBD.php:31
Stack trace:
#0 {main}
  thrown in C:\Users\brion\Documents\IUT\2A\SEMESTRE2\SAE\WEB\SAE_Web\creationBD.php on line 31
[28-Jan-2024 05:28:30 UTC] PHP Warning:  PHP Startup: Unable to load dynamic library 'oci8_12c' (tried: ext\oci8_12c (Le module spécifié est introuvable), ext\php_oci8_12c.dll (Le module spécifié est introuvable)) in Unknown on line 0
[28-Jan-2024 05:28:30 UTC] PHP Warning:  PHP Startup: Unable to load dynamic library 'oci8_19' (tried: ext\oci8_19 (Le module spécifié est introuvable), ext\php_oci8_19.dll (Le module spécifié est introuvable)) in Unknown on line 0
[28-Jan-2024 05:28:30 UTC] PHP Warning:  PHP Startup: Unable to load dynamic library 'pdo_firebird' (tried: ext\pdo_firebird (Le module spécifié est introuvable), ext\php_pdo_firebird.dll (Le module spécifié est introuvable)) in Unknown on line 0
[28-Jan-2024 05:28:30 UTC] PHP Warning:  PHP Startup: Unable to load dynamic library 'pdo_oci' (tried: ext\pdo_oci (Le module spécifié est introuvable), ext\php_pdo_oci.dll (Le module spécifié est introuvable)) in Unknown on line 0
[28-Jan-2024 05:28:30 UTC] PHP Warning:  PDO::exec(): SQLSTATE[HY000]: General error: 1 near "EXIST": syntax error in C:\Users\brion\Documents\IUT\2A\SEMESTRE2\SAE\WEB\SAE_Web\creationBD.php on line 42
[28-Jan-2024 05:28:30 UTC] PHP Warning:  PDO::prepare(): SQLSTATE[HY000]: General error: 1 no such table: ARTISTE in C:\Users\brion\Documents\IUT\2A\SEMESTRE2\SAE\WEB\SAE_Web\creationBD.php on line 51
[28-Jan-2024 05:28:30 UTC] PHP Fatal error:  Uncaught Error: Call to a member function bindParam() on false in C:\Users\brion\Documents\IUT\2A\SEMESTRE2\SAE\WEB\SAE_Web\creationBD.php:52
Stack trace:
#0 {main}
  thrown in C:\Users\brion\Documents\IUT\2A\SEMESTRE2\SAE\WEB\SAE_Web\creationBD.php on line 52
[28-Jan-2024 05:29:02 UTC] PHP Warning:  PHP Startup: Unable to load dynamic library 'oci8_12c' (tried: ext\oci8_12c (Le module spécifié est introuvable), ext\php_oci8_12c.dll (Le module spécifié est introuvable)) in Unknown on line 0
[28-Jan-2024 05:29:02 UTC] PHP Warning:  PHP Startup: Unable to load dynamic library 'oci8_19' (tried: ext\oci8_19 (Le module spécifié est introuvable), ext\php_oci8_19.dll (Le module spécifié est introuvable)) in Unknown on line 0
[28-Jan-2024 05:29:02 UTC] PHP Warning:  PHP Startup: Unable to load dynamic library 'pdo_firebird' (tried: ext\pdo_firebird (Le module spécifié est introuvable), ext\php_pdo_firebird.dll (Le module spécifié est introuvable)) in Unknown on line 0
[28-Jan-2024 05:29:02 UTC] PHP Warning:  PHP Startup: Unable to load dynamic library 'pdo_oci' (tried: ext\pdo_oci (Le module spécifié est introuvable), ext\php_pdo_oci.dll (Le module spécifié est introuvable)) in Unknown on line 0
[28-Jan-2024 05:30:40 UTC] PHP Warning:  PHP Startup: Unable to load dynamic library 'oci8_12c' (tried: ext\oci8_12c (Le module spécifié est introuvable), ext\php_oci8_12c.dll (Le module spécifié est introuvable)) in Unknown on line 0
[28-Jan-2024 05:30:40 UTC] PHP Warning:  PHP Startup: Unable to load dynamic library 'oci8_19' (tried: ext\oci8_19 (Le module spécifié est introuvable), ext\php_oci8_19.dll (Le module spécifié est introuvable)) in Unknown on line 0
[28-Jan-2024 05:30:40 UTC] PHP Warning:  PHP Startup: Unable to load dynamic library 'pdo_firebird' (tried: ext\pdo_firebird (Le module spécifié est introuvable), ext\php_pdo_firebird.dll (Le module spécifié est introuvable)) in Unknown on line 0
[28-Jan-2024 05:30:40 UTC] PHP Warning:  PHP Startup: Unable to load dynamic library 'pdo_oci' (tried: ext\pdo_oci (Le module spécifié est introuvable), ext\php_pdo_oci.dll (Le module spécifié est introuvable)) in Unknown on line 0
[28-Jan-2024 05:30:40 UTC] PHP Warning:  PDO::exec(): SQLSTATE[HY000]: General error: 1 table PLAYLIST already exists in C:\Users\brion\Documents\IUT\2A\SEMESTRE2\SAE\WEB\SAE_Web\creationBD.php on line 146
[28-Jan-2024 05:34:40 UTC] PHP Warning:  PHP Startup: Unable to load dynamic library 'oci8_12c' (tried: ext\oci8_12c (Le module spécifié est introuvable), ext\php_oci8_12c.dll (Le module spécifié est introuvable)) in Unknown on line 0
[28-Jan-2024 05:34:40 UTC] PHP Warning:  PHP Startup: Unable to load dynamic library 'oci8_19' (tried: ext\oci8_19 (Le module spécifié est introuvable), ext\php_oci8_19.dll (Le module spécifié est introuvable)) in Unknown on line 0
[28-Jan-2024 05:34:40 UTC] PHP Warning:  PHP Startup: Unable to load dynamic library 'pdo_firebird' (tried: ext\pdo_firebird (Le module spécifié est introuvable), ext\php_pdo_firebird.dll (Le module spécifié est introuvable)) in Unknown on line 0
[28-Jan-2024 05:34:40 UTC] PHP Warning:  PHP Startup: Unable to load dynamic library 'pdo_oci' (tried: ext\pdo_oci (Le module spécifié est introuvable), ext\php_pdo_oci.dll (Le module spécifié est introuvable)) in Unknown on line 0
[28-Jan-2024 05:34:40 UTC] PHP Warning:  PDO::exec(): SQLSTATE[HY000]: General error: 1 table PLAYLIST already exists in C:\Users\brion\Documents\IUT\2A\SEMESTRE2\SAE\WEB\SAE_Web\creationBD.php on line 146
[28-Jan-2024 05:35:12 UTC] PHP Warning:  PHP Startup: Unable to load dynamic library 'oci8_12c' (tried: ext\oci8_12c (Le module spécifié est introuvable), ext\php_oci8_12c.dll (Le module spécifié est introuvable)) in Unknown on line 0
[28-Jan-2024 05:35:12 UTC] PHP Warning:  PHP Startup: Unable to load dynamic library 'oci8_19' (tried: ext\oci8_19 (Le module spécifié est introuvable), ext\php_oci8_19.dll (Le module spécifié est introuvable)) in Unknown on line 0
[28-Jan-2024 05:35:12 UTC] PHP Warning:  PHP Startup: Unable to load dynamic library 'pdo_firebird' (tried: ext\pdo_firebird (Le module spécifié est introuvable), ext\php_pdo_firebird.dll (Le module spécifié est introuvable)) in Unknown on line 0
[28-Jan-2024 05:35:12 UTC] PHP Warning:  PHP Startup: Unable to load dynamic library 'pdo_oci' (tried: ext\pdo_oci (Le module spécifié est introuvable), ext\php_pdo_oci.dll (Le module spécifié est introuvable)) in Unknown on line 0
[28-Jan-2024 05:35:22 UTC] PHP Warning:  PHP Startup: Unable to load dynamic library 'oci8_12c' (tried: ext\oci8_12c (Le module spécifié est introuvable), ext\php_oci8_12c.dll (Le module spécifié est introuvable)) in Unknown on line 0
[28-Jan-2024 05:35:22 UTC] PHP Warning:  PHP Startup: Unable to load dynamic library 'oci8_19' (tried: ext\oci8_19 (Le module spécifié est introuvable), ext\php_oci8_19.dll (Le module spécifié est introuvable)) in Unknown on line 0
[28-Jan-2024 05:35:22 UTC] PHP Warning:  PHP Startup: Unable to load dynamic library 'pdo_firebird' (tried: ext\pdo_firebird (Le module spécifié est introuvable), ext\php_pdo_firebird.dll (Le module spécifié est introuvable)) in Unknown on line 0
[28-Jan-2024 05:35:22 UTC] PHP Warning:  PHP Startup: Unable to load dynamic library 'pdo_oci' (tried: ext\pdo_oci (Le module spécifié est introuvable), ext\php_pdo_oci.dll (Le module spécifié est introuvable)) in Unknown on line 0
[28-Jan-2024 05:35:32 UTC] PHP Warning:  PHP Startup: Unable to load dynamic library 'oci8_12c' (tried: ext\oci8_12c (Le module spécifié est introuvable), ext\php_oci8_12c.dll (Le module spécifié est introuvable)) in Unknown on line 0
[28-Jan-2024 05:35:32 UTC] PHP Warning:  PHP Startup: Unable to load dynamic library 'oci8_19' (tried: ext\oci8_19 (Le module spécifié est introuvable), ext\php_oci8_19.dll (Le module spécifié est introuvable)) in Unknown on line 0
[28-Jan-2024 05:35:32 UTC] PHP Warning:  PHP Startup: Unable to load dynamic library 'pdo_firebird' (tried: ext\pdo_firebird (Le module spécifié est introuvable), ext\php_pdo_firebird.dll (Le module spécifié est introuvable)) in Unknown on line 0
[28-Jan-2024 05:35:32 UTC] PHP Warning:  PHP Startup: Unable to load dynamic library 'pdo_oci' (tried: ext\pdo_oci (Le module spécifié est introuvable), ext\php_pdo_oci.dll (Le module spécifié est introuvable)) in Unknown on line 0
[28-Jan-2024 05:41:36 UTC] PHP Warning:  PHP Startup: Unable to load dynamic library 'oci8_12c' (tried: ext\oci8_12c (Le module spécifié est introuvable), ext\php_oci8_12c.dll (Le module spécifié est introuvable)) in Unknown on line 0
[28-Jan-2024 05:41:36 UTC] PHP Warning:  PHP Startup: Unable to load dynamic library 'oci8_19' (tried: ext\oci8_19 (Le module spécifié est introuvable), ext\php_oci8_19.dll (Le module spécifié est introuvable)) in Unknown on line 0
[28-Jan-2024 05:41:36 UTC] PHP Warning:  PHP Startup: Unable to load dynamic library 'pdo_firebird' (tried: ext\pdo_firebird (Le module spécifié est introuvable), ext\php_pdo_firebird.dll (Le module spécifié est introuvable)) in Unknown on line 0
[28-Jan-2024 05:41:36 UTC] PHP Warning:  PHP Startup: Unable to load dynamic library 'pdo_oci' (tried: ext\pdo_oci (Le module spécifié est introuvable), ext\php_pdo_oci.dll (Le module spécifié est introuvable)) in Unknown on line 0
[28-Jan-2024 05:41:40 UTC] PHP Warning:  PHP Startup: Unable to load dynamic library 'oci8_12c' (tried: ext\oci8_12c (Le module spécifié est introuvable), ext\php_oci8_12c.dll (Le module spécifié est introuvable)) in Unknown on line 0
[28-Jan-2024 05:41:40 UTC] PHP Warning:  PHP Startup: Unable to load dynamic library 'oci8_19' (tried: ext\oci8_19 (Le module spécifié est introuvable), ext\php_oci8_19.dll (Le module spécifié est introuvable)) in Unknown on line 0
[28-Jan-2024 05:41:40 UTC] PHP Warning:  PHP Startup: Unable to load dynamic library 'pdo_firebird' (tried: ext\pdo_firebird (Le module spécifié est introuvable), ext\php_pdo_firebird.dll (Le module spécifié est introuvable)) in Unknown on line 0
[28-Jan-2024 05:41:40 UTC] PHP Warning:  PHP Startup: Unable to load dynamic library 'pdo_oci' (tried: ext\pdo_oci (Le module spécifié est introuvable), ext\php_pdo_oci.dll (Le module spécifié est introuvable)) in Unknown on line 0
[28-Jan-2024 05:43:40 UTC] PHP Warning:  PHP Startup: Unable to load dynamic library 'oci8_12c' (tried: ext\oci8_12c (Le module spécifié est introuvable), ext\php_oci8_12c.dll (Le module spécifié est introuvable)) in Unknown on line 0
[28-Jan-2024 05:43:40 UTC] PHP Warning:  PHP Startup: Unable to load dynamic library 'oci8_19' (tried: ext\oci8_19 (Le module spécifié est introuvable), ext\php_oci8_19.dll (Le module spécifié est introuvable)) in Unknown on line 0
[28-Jan-2024 05:43:40 UTC] PHP Warning:  PHP Startup: Unable to load dynamic library 'pdo_firebird' (tried: ext\pdo_firebird (Le module spécifié est introuvable), ext\php_pdo_firebird.dll (Le module spécifié est introuvable)) in Unknown on line 0
[28-Jan-2024 05:43:40 UTC] PHP Warning:  PHP Startup: Unable to load dynamic library 'pdo_oci' (tried: ext\pdo_oci (Le module spécifié est introuvable), ext\php_pdo_oci.dll (Le module spécifié est introuvable)) in Unknown on line 0
[28-Jan-2024 05:43:43 UTC] PHP Warning:  PHP Startup: Unable to load dynamic library 'oci8_12c' (tried: ext\oci8_12c (Le module spécifié est introuvable), ext\php_oci8_12c.dll (Le module spécifié est introuvable)) in Unknown on line 0
[28-Jan-2024 05:43:43 UTC] PHP Warning:  PHP Startup: Unable to load dynamic library 'oci8_19' (tried: ext\oci8_19 (Le module spécifié est introuvable), ext\php_oci8_19.dll (Le module spécifié est introuvable)) in Unknown on line 0
[28-Jan-2024 05:43:43 UTC] PHP Warning:  PHP Startup: Unable to load dynamic library 'pdo_firebird' (tried: ext\pdo_firebird (Le module spécifié est introuvable), ext\php_pdo_firebird.dll (Le module spécifié est introuvable)) in Unknown on line 0
[28-Jan-2024 05:43:43 UTC] PHP Warning:  PHP Startup: Unable to load dynamic library 'pdo_oci' (tried: ext\pdo_oci (Le module spécifié est introuvable), ext\php_pdo_oci.dll (Le module spécifié est introuvable)) in Unknown on line 0
[28-Jan-2024 05:44:27 UTC] PHP Warning:  PHP Startup: Unable to load dynamic library 'oci8_12c' (tried: ext\oci8_12c (Le module spécifié est introuvable), ext\php_oci8_12c.dll (Le module spécifié est introuvable)) in Unknown on line 0
[28-Jan-2024 05:44:27 UTC] PHP Warning:  PHP Startup: Unable to load dynamic library 'oci8_19' (tried: ext\oci8_19 (Le module spécifié est introuvable), ext\php_oci8_19.dll (Le module spécifié est introuvable)) in Unknown on line 0
[28-Jan-2024 05:44:27 UTC] PHP Warning:  PHP Startup: Unable to load dynamic library 'pdo_firebird' (tried: ext\pdo_firebird (Le module spécifié est introuvable), ext\php_pdo_firebird.dll (Le module spécifié est introuvable)) in Unknown on line 0
[28-Jan-2024 05:44:27 UTC] PHP Warning:  PHP Startup: Unable to load dynamic library 'pdo_oci' (tried: ext\pdo_oci (Le module spécifié est introuvable), ext\php_pdo_oci.dll (Le module spécifié est introuvable)) in Unknown on line 0
[28-Jan-2024 05:44:29 UTC] PHP Warning:  PHP Startup: Unable to load dynamic library 'oci8_12c' (tried: ext\oci8_12c (Le module spécifié est introuvable), ext\php_oci8_12c.dll (Le module spécifié est introuvable)) in Unknown on line 0
[28-Jan-2024 05:44:29 UTC] PHP Warning:  PHP Startup: Unable to load dynamic library 'oci8_19' (tried: ext\oci8_19 (Le module spécifié est introuvable), ext\php_oci8_19.dll (Le module spécifié est introuvable)) in Unknown on line 0
[28-Jan-2024 05:44:29 UTC] PHP Warning:  PHP Startup: Unable to load dynamic library 'pdo_firebird' (tried: ext\pdo_firebird (Le module spécifié est introuvable), ext\php_pdo_firebird.dll (Le module spécifié est introuvable)) in Unknown on line 0
[28-Jan-2024 05:44:29 UTC] PHP Warning:  PHP Startup: Unable to load dynamic library 'pdo_oci' (tried: ext\pdo_oci (Le module spécifié est introuvable), ext\php_pdo_oci.dll (Le module spécifié est introuvable)) in Unknown on line 0
[28-Jan-2024 05:45:40 UTC] PHP Warning:  PHP Startup: Unable to load dynamic library 'oci8_12c' (tried: ext\oci8_12c (Le module spécifié est introuvable), ext\php_oci8_12c.dll (Le module spécifié est introuvable)) in Unknown on line 0
[28-Jan-2024 05:45:40 UTC] PHP Warning:  PHP Startup: Unable to load dynamic library 'oci8_19' (tried: ext\oci8_19 (Le module spécifié est introuvable), ext\php_oci8_19.dll (Le module spécifié est introuvable)) in Unknown on line 0
[28-Jan-2024 05:45:40 UTC] PHP Warning:  PHP Startup: Unable to load dynamic library 'pdo_firebird' (tried: ext\pdo_firebird (Le module spécifié est introuvable), ext\php_pdo_firebird.dll (Le module spécifié est introuvable)) in Unknown on line 0
[28-Jan-2024 05:45:40 UTC] PHP Warning:  PHP Startup: Unable to load dynamic library 'pdo_oci' (tried: ext\pdo_oci (Le module spécifié est introuvable), ext\php_pdo_oci.dll (Le module spécifié est introuvable)) in Unknown on line 0
[28-Jan-2024 05:45:40 UTC] PHP Fatal error:  Uncaught Error: Call to undefined function yaml_parse_file() in C:\Users\brion\Documents\IUT\2A\SEMESTRE2\SAE\WEB\SAE_Web\creationBD.php:3
Stack trace:
#0 {main}
  thrown in C:\Users\brion\Documents\IUT\2A\SEMESTRE2\SAE\WEB\SAE_Web\creationBD.php on line 3
[28-Jan-2024 05:51:02 UTC] PHP Warning:  PHP Startup: Unable to load dynamic library 'oci8_12c' (tried: ext\oci8_12c (Le module spécifié est introuvable), ext\php_oci8_12c.dll (Le module spécifié est introuvable)) in Unknown on line 0
[28-Jan-2024 05:51:02 UTC] PHP Warning:  PHP Startup: Unable to load dynamic library 'oci8_19' (tried: ext\oci8_19 (Le module spécifié est introuvable), ext\php_oci8_19.dll (Le module spécifié est introuvable)) in Unknown on line 0
[28-Jan-2024 05:51:02 UTC] PHP Warning:  PHP Startup: Unable to load dynamic library 'pdo_firebird' (tried: ext\pdo_firebird (Le module spécifié est introuvable), ext\php_pdo_firebird.dll (Le module spécifié est introuvable)) in Unknown on line 0
[28-Jan-2024 05:51:02 UTC] PHP Warning:  PHP Startup: Unable to load dynamic library 'pdo_oci' (tried: ext\pdo_oci (Le module spécifié est introuvable), ext\php_pdo_oci.dll (Le module spécifié est introuvable)) in Unknown on line 0
[28-Jan-2024 05:51:02 UTC] PHP Fatal error:  Uncaught Error: Call to undefined function yaml_parse_file() in C:\Users\brion\Documents\IUT\2A\SEMESTRE2\SAE\WEB\SAE_Web\creationBD.php:3
Stack trace:
#0 {main}
  thrown in C:\Users\brion\Documents\IUT\2A\SEMESTRE2\SAE\WEB\SAE_Web\creationBD.php on line 3
[28-Jan-2024 05:52:05 UTC] PHP Warning:  PHP Startup: Unable to load dynamic library 'oci8_12c' (tried: ext\oci8_12c (Le module spécifié est introuvable), ext\php_oci8_12c.dll (Le module spécifié est introuvable)) in Unknown on line 0
[28-Jan-2024 05:52:05 UTC] PHP Warning:  PHP Startup: Unable to load dynamic library 'oci8_19' (tried: ext\oci8_19 (Le module spécifié est introuvable), ext\php_oci8_19.dll (Le module spécifié est introuvable)) in Unknown on line 0
[28-Jan-2024 05:52:05 UTC] PHP Warning:  PHP Startup: Unable to load dynamic library 'pdo_firebird' (tried: ext\pdo_firebird (Le module spécifié est introuvable), ext\php_pdo_firebird.dll (Le module spécifié est introuvable)) in Unknown on line 0
[28-Jan-2024 05:52:05 UTC] PHP Warning:  PHP Startup: Unable to load dynamic library 'pdo_oci' (tried: ext\pdo_oci (Le module spécifié est introuvable), ext\php_pdo_oci.dll (Le module spécifié est introuvable)) in Unknown on line 0
[28-Jan-2024 05:52:05 UTC] PHP Warning:  require_once(vendor/autoload.php): Failed to open stream: No such file or directory in C:\Users\brion\Documents\IUT\2A\SEMESTRE2\SAE\WEB\SAE_Web\creationBD.php on line 3
[28-Jan-2024 05:52:05 UTC] PHP Fatal error:  Uncaught Error: Failed opening required 'vendor/autoload.php' (include_path='.;C:\php\pear') in C:\Users\brion\Documents\IUT\2A\SEMESTRE2\SAE\WEB\SAE_Web\creationBD.php:3
Stack trace:
#0 {main}
  thrown in C:\Users\brion\Documents\IUT\2A\SEMESTRE2\SAE\WEB\SAE_Web\creationBD.php on line 3
[28-Jan-2024 05:56:32 UTC] PHP Warning:  PHP Startup: Unable to load dynamic library 'oci8_12c' (tried: ext\oci8_12c (Le module spécifié est introuvable), ext\php_oci8_12c.dll (Le module spécifié est introuvable)) in Unknown on line 0
[28-Jan-2024 05:56:32 UTC] PHP Warning:  PHP Startup: Unable to load dynamic library 'oci8_19' (tried: ext\oci8_19 (Le module spécifié est introuvable), ext\php_oci8_19.dll (Le module spécifié est introuvable)) in Unknown on line 0
[28-Jan-2024 05:56:32 UTC] PHP Warning:  PHP Startup: Unable to load dynamic library 'pdo_firebird' (tried: ext\pdo_firebird (Le module spécifié est introuvable), ext\php_pdo_firebird.dll (Le module spécifié est introuvable)) in Unknown on line 0
[28-Jan-2024 05:56:32 UTC] PHP Warning:  PHP Startup: Unable to load dynamic library 'pdo_oci' (tried: ext\pdo_oci (Le module spécifié est introuvable), ext\php_pdo_oci.dll (Le module spécifié est introuvable)) in Unknown on line 0
[28-Jan-2024 05:56:33 UTC] PHP Warning:  require_once(vendor/autoload.php): Failed to open stream: No such file or directory in C:\Users\brion\Documents\IUT\2A\SEMESTRE2\SAE\WEB\SAE_Web\creationBD.php on line 3
[28-Jan-2024 05:56:33 UTC] PHP Fatal error:  Uncaught Error: Failed opening required 'vendor/autoload.php' (include_path='.;C:\php\pear') in C:\Users\brion\Documents\IUT\2A\SEMESTRE2\SAE\WEB\SAE_Web\creationBD.php:3
Stack trace:
#0 {main}
  thrown in C:\Users\brion\Documents\IUT\2A\SEMESTRE2\SAE\WEB\SAE_Web\creationBD.php on line 3
[28-Jan-2024 05:58:29 UTC] PHP Warning:  PHP Startup: Unable to load dynamic library 'oci8_12c' (tried: ext\oci8_12c (Le module spécifié est introuvable), ext\php_oci8_12c.dll (Le module spécifié est introuvable)) in Unknown on line 0
[28-Jan-2024 05:58:29 UTC] PHP Warning:  PHP Startup: Unable to load dynamic library 'oci8_19' (tried: ext\oci8_19 (Le module spécifié est introuvable), ext\php_oci8_19.dll (Le module spécifié est introuvable)) in Unknown on line 0
[28-Jan-2024 05:58:29 UTC] PHP Warning:  PHP Startup: Unable to load dynamic library 'pdo_firebird' (tried: ext\pdo_firebird (Le module spécifié est introuvable), ext\php_pdo_firebird.dll (Le module spécifié est introuvable)) in Unknown on line 0
[28-Jan-2024 05:58:29 UTC] PHP Warning:  PHP Startup: Unable to load dynamic library 'pdo_oci' (tried: ext\pdo_oci (Le module spécifié est introuvable), ext\php_pdo_oci.dll (Le module spécifié est introuvable)) in Unknown on line 0
[28-Jan-2024 05:58:29 UTC] PHP Warning:  require_once(vendor/autoload.php): Failed to open stream: No such file or directory in C:\Users\brion\Documents\IUT\2A\SEMESTRE2\SAE\WEB\SAE_Web\creationBD.php on line 3
[28-Jan-2024 05:58:29 UTC] PHP Fatal error:  Uncaught Error: Failed opening required 'vendor/autoload.php' (include_path='.;C:\php\pear') in C:\Users\brion\Documents\IUT\2A\SEMESTRE2\SAE\WEB\SAE_Web\creationBD.php:3
Stack trace:
#0 {main}
  thrown in C:\Users\brion\Documents\IUT\2A\SEMESTRE2\SAE\WEB\SAE_Web\creationBD.php on line 3
[28-Jan-2024 05:59:23 UTC] PHP Warning:  PHP Startup: Unable to load dynamic library 'oci8_12c' (tried: ext\oci8_12c (Le module spécifié est introuvable), ext\php_oci8_12c.dll (Le module spécifié est introuvable)) in Unknown on line 0
[28-Jan-2024 05:59:23 UTC] PHP Warning:  PHP Startup: Unable to load dynamic library 'oci8_19' (tried: ext\oci8_19 (Le module spécifié est introuvable), ext\php_oci8_19.dll (Le module spécifié est introuvable)) in Unknown on line 0
[28-Jan-2024 05:59:23 UTC] PHP Warning:  PHP Startup: Unable to load dynamic library 'pdo_firebird' (tried: ext\pdo_firebird (Le module spécifié est introuvable), ext\php_pdo_firebird.dll (Le module spécifié est introuvable)) in Unknown on line 0
[28-Jan-2024 05:59:23 UTC] PHP Warning:  PHP Startup: Unable to load dynamic library 'pdo_oci' (tried: ext\pdo_oci (Le module spécifié est introuvable), ext\php_pdo_oci.dll (Le module spécifié est introuvable)) in Unknown on line 0
[28-Jan-2024 05:59:23 UTC] PHP Warning:  require_once(vendor/autoload.php): Failed to open stream: No such file or directory in C:\Users\brion\Documents\IUT\2A\SEMESTRE2\SAE\WEB\SAE_Web\creationBD.php on line 3
[28-Jan-2024 05:59:23 UTC] PHP Fatal error:  Uncaught Error: Failed opening required 'vendor/autoload.php' (include_path='.;C:\php\pear') in C:\Users\brion\Documents\IUT\2A\SEMESTRE2\SAE\WEB\SAE_Web\creationBD.php:3
Stack trace:
#0 {main}
  thrown in C:\Users\brion\Documents\IUT\2A\SEMESTRE2\SAE\WEB\SAE_Web\creationBD.php on line 3
[28-Jan-2024 06:10:39 UTC] PHP Warning:  PHP Startup: Unable to load dynamic library 'oci8_12c' (tried: ext\oci8_12c (Le module spécifié est introuvable), ext\php_oci8_12c.dll (Le module spécifié est introuvable)) in Unknown on line 0
[28-Jan-2024 06:10:39 UTC] PHP Warning:  PHP Startup: Unable to load dynamic library 'oci8_19' (tried: ext\oci8_19 (Le module spécifié est introuvable), ext\php_oci8_19.dll (Le module spécifié est introuvable)) in Unknown on line 0
[28-Jan-2024 06:10:39 UTC] PHP Warning:  PHP Startup: Unable to load dynamic library 'pdo_firebird' (tried: ext\pdo_firebird (Le module spécifié est introuvable), ext\php_pdo_firebird.dll (Le module spécifié est introuvable)) in Unknown on line 0
[28-Jan-2024 06:10:39 UTC] PHP Warning:  PHP Startup: Unable to load dynamic library 'pdo_oci' (tried: ext\pdo_oci (Le module spécifié est introuvable), ext\php_pdo_oci.dll (Le module spécifié est introuvable)) in Unknown on line 0
[28-Jan-2024 06:10:39 UTC] PHP Warning:  require_once(vendor/autoload.php): Failed to open stream: No such file or directory in C:\Users\brion\Documents\IUT\2A\SEMESTRE2\SAE\WEB\SAE_Web\creationBD.php on line 3
[28-Jan-2024 06:10:39 UTC] PHP Fatal error:  Uncaught Error: Failed opening required 'vendor/autoload.php' (include_path='.;C:\php\pear') in C:\Users\brion\Documents\IUT\2A\SEMESTRE2\SAE\WEB\SAE_Web\creationBD.php:3
Stack trace:
#0 {main}
  thrown in C:\Users\brion\Documents\IUT\2A\SEMESTRE2\SAE\WEB\SAE_Web\creationBD.php on line 3
[28-Jan-2024 06:17:54 UTC] PHP Warning:  PHP Startup: Unable to load dynamic library 'oci8_12c' (tried: ext\oci8_12c (Le module spécifié est introuvable), ext\php_oci8_12c.dll (Le module spécifié est introuvable)) in Unknown on line 0
[28-Jan-2024 06:17:54 UTC] PHP Warning:  PHP Startup: Unable to load dynamic library 'oci8_19' (tried: ext\oci8_19 (Le module spécifié est introuvable), ext\php_oci8_19.dll (Le module spécifié est introuvable)) in Unknown on line 0
[28-Jan-2024 06:17:54 UTC] PHP Warning:  PHP Startup: Unable to load dynamic library 'pdo_firebird' (tried: ext\pdo_firebird (Le module spécifié est introuvable), ext\php_pdo_firebird.dll (Le module spécifié est introuvable)) in Unknown on line 0
[28-Jan-2024 06:17:54 UTC] PHP Warning:  PHP Startup: Unable to load dynamic library 'pdo_oci' (tried: ext\pdo_oci (Le module spécifié est introuvable), ext\php_pdo_oci.dll (Le module spécifié est introuvable)) in Unknown on line 0
[28-Jan-2024 06:17:54 UTC] PHP Warning:  require_once(vendor/autoload.php): Failed to open stream: No such file or directory in C:\Users\brion\Documents\IUT\2A\SEMESTRE2\SAE\WEB\SAE_Web\creationBD.php on line 3
[28-Jan-2024 06:17:54 UTC] PHP Fatal error:  Uncaught Error: Failed opening required 'vendor/autoload.php' (include_path='.;C:\php\pear') in C:\Users\brion\Documents\IUT\2A\SEMESTRE2\SAE\WEB\SAE_Web\creationBD.php:3
Stack trace:
#0 {main}
  thrown in C:\Users\brion\Documents\IUT\2A\SEMESTRE2\SAE\WEB\SAE_Web\creationBD.php on line 3
[28-Jan-2024 06:21:40 UTC] PHP Warning:  require_once(vendor/autoload.php): Failed to open stream: No such file or directory in C:\Users\brion\Documents\IUT\2A\SEMESTRE2\SAE\WEB\SAE_Web\creationBD.php on line 3
[28-Jan-2024 06:21:40 UTC] PHP Fatal error:  Uncaught Error: Failed opening required 'vendor/autoload.php' (include_path='.;C:\php\pear') in C:\Users\brion\Documents\IUT\2A\SEMESTRE2\SAE\WEB\SAE_Web\creationBD.php:3
Stack trace:
#0 {main}
  thrown in C:\Users\brion\Documents\IUT\2A\SEMESTRE2\SAE\WEB\SAE_Web\creationBD.php on line 3
[28-Jan-2024 06:22:18 UTC] PHP Warning:  require_once(vendor/autoload.php): Failed to open stream: No such file or directory in C:\Users\brion\Documents\IUT\2A\SEMESTRE2\SAE\WEB\SAE_Web\creationBD.php on line 3
[28-Jan-2024 06:22:18 UTC] PHP Fatal error:  Uncaught Error: Failed opening required 'vendor/autoload.php' (include_path='.;C:\php\pear') in C:\Users\brion\Documents\IUT\2A\SEMESTRE2\SAE\WEB\SAE_Web\creationBD.php:3
Stack trace:
#0 {main}
  thrown in C:\Users\brion\Documents\IUT\2A\SEMESTRE2\SAE\WEB\SAE_Web\creationBD.php on line 3
[28-Jan-2024 06:23:09 UTC] PHP Fatal error:  Uncaught Error: Call to undefined function yaml_parse_file() in C:\Users\brion\Documents\IUT\2A\SEMESTRE2\SAE\WEB\SAE_Web\creationBD.php:3
Stack trace:
#0 {main}
  thrown in C:\Users\brion\Documents\IUT\2A\SEMESTRE2\SAE\WEB\SAE_Web\creationBD.php on line 3
[28-Jan-2024 06:25:25 UTC] PHP Fatal error:  Uncaught Error: Call to undefined function yaml_parse_file() in C:\Users\brion\Documents\IUT\2A\SEMESTRE2\SAE\WEB\SAE_Web\creationBD.php:3
Stack trace:
#0 {main}
  thrown in C:\Users\brion\Documents\IUT\2A\SEMESTRE2\SAE\WEB\SAE_Web\creationBD.php on line 3
[28-Jan-2024 06:31:36 UTC] PHP Warning:  require_once(vendor/autoload.php): Failed to open stream: No such file or directory in C:\Users\brion\Documents\IUT\2A\SEMESTRE2\SAE\WEB\SAE_Web\creationBD.php on line 2
[28-Jan-2024 06:31:36 UTC] PHP Fatal error:  Uncaught Error: Failed opening required 'vendor/autoload.php' (include_path='.;C:\php\pear') in C:\Users\brion\Documents\IUT\2A\SEMESTRE2\SAE\WEB\SAE_Web\creationBD.php:2
Stack trace:
#0 {main}
  thrown in C:\Users\brion\Documents\IUT\2A\SEMESTRE2\SAE\WEB\SAE_Web\creationBD.php on line 2
[28-Jan-2024 06:31:56 UTC] PHP Warning:  require_once(vendor/config/autoload.php): Failed to open stream: No such file or directory in C:\Users\brion\Documents\IUT\2A\SEMESTRE2\SAE\WEB\SAE_Web\creationBD.php on line 2
[28-Jan-2024 06:31:56 UTC] PHP Fatal error:  Uncaught Error: Failed opening required 'vendor/config/autoload.php' (include_path='.;C:\php\pear') in C:\Users\brion\Documents\IUT\2A\SEMESTRE2\SAE\WEB\SAE_Web\creationBD.php:2
Stack trace:
#0 {main}
  thrown in C:\Users\brion\Documents\IUT\2A\SEMESTRE2\SAE\WEB\SAE_Web\creationBD.php on line 2
[28-Jan-2024 06:43:34 UTC] PHP Fatal error:  Uncaught Symfony\Component\Yaml\Exception\ParseException: Unable to parse in "fixtures/test.yml" at line 1 (near " - by: Stray Kids"). in C:\Users\brion\Documents\IUT\2A\SEMESTRE2\SAE\WEB\SAE_Web\vendor\symfony\yaml\Parser.php:441
Stack trace:
#0 C:\Users\brion\Documents\IUT\2A\SEMESTRE2\SAE\WEB\SAE_Web\vendor\symfony\yaml\Parser.php(86): Symfony\Component\Yaml\Parser->doParse('', 0)
#1 C:\Users\brion\Documents\IUT\2A\SEMESTRE2\SAE\WEB\SAE_Web\vendor\symfony\yaml\Parser.php(63): Symfony\Component\Yaml\Parser->parse(' - by: Stray Ki...', 0)
#2 C:\Users\brion\Documents\IUT\2A\SEMESTRE2\SAE\WEB\SAE_Web\vendor\symfony\yaml\Yaml.php(56): Symfony\Component\Yaml\Parser->parseFile('fixtures/test.y...', 0)
#3 C:\Users\brion\Documents\IUT\2A\SEMESTRE2\SAE\WEB\SAE_Web\creationBD.php(7): Symfony\Component\Yaml\Yaml::parseFile('fixtures/test.y...')
#4 {main}
  thrown in C:\Users\brion\Documents\IUT\2A\SEMESTRE2\SAE\WEB\SAE_Web\vendor\symfony\yaml\Parser.php on line 441
[28-Jan-2024 06:46:50 UTC] PHP Fatal error:  Uncaught Symfony\Component\Yaml\Exception\ParseException: Unable to parse in "fixtures/test.yml" at line 1 (near " -by: Stray Kids"). in C:\Users\brion\Documents\IUT\2A\SEMESTRE2\SAE\WEB\SAE_Web\vendor\symfony\yaml\Parser.php:441
Stack trace:
#0 C:\Users\brion\Documents\IUT\2A\SEMESTRE2\SAE\WEB\SAE_Web\vendor\symfony\yaml\Parser.php(86): Symfony\Component\Yaml\Parser->doParse('', 0)
#1 C:\Users\brion\Documents\IUT\2A\SEMESTRE2\SAE\WEB\SAE_Web\vendor\symfony\yaml\Parser.php(63): Symfony\Component\Yaml\Parser->parse(' -by: Stray Kid...', 0)
#2 C:\Users\brion\Documents\IUT\2A\SEMESTRE2\SAE\WEB\SAE_Web\vendor\symfony\yaml\Yaml.php(56): Symfony\Component\Yaml\Parser->parseFile('fixtures/test.y...', 0)
#3 C:\Users\brion\Documents\IUT\2A\SEMESTRE2\SAE\WEB\SAE_Web\creationBD.php(7): Symfony\Component\Yaml\Yaml::parseFile('fixtures/test.y...')
#4 {main}
  thrown in C:\Users\brion\Documents\IUT\2A\SEMESTRE2\SAE\WEB\SAE_Web\vendor\symfony\yaml\Parser.php on line 441
[28-Jan-2024 06:47:17 UTC] PHP Fatal error:  Uncaught Symfony\Component\Yaml\Exception\ParseException: Unable to parse in "fixtures/test.yml" at line 1 (near " - by: Stray Kids"). in C:\Users\brion\Documents\IUT\2A\SEMESTRE2\SAE\WEB\SAE_Web\vendor\symfony\yaml\Parser.php:441
Stack trace:
#0 C:\Users\brion\Documents\IUT\2A\SEMESTRE2\SAE\WEB\SAE_Web\vendor\symfony\yaml\Parser.php(86): Symfony\Component\Yaml\Parser->doParse('', 0)
#1 C:\Users\brion\Documents\IUT\2A\SEMESTRE2\SAE\WEB\SAE_Web\vendor\symfony\yaml\Parser.php(63): Symfony\Component\Yaml\Parser->parse(' - by: Stray Ki...', 0)
#2 C:\Users\brion\Documents\IUT\2A\SEMESTRE2\SAE\WEB\SAE_Web\vendor\symfony\yaml\Yaml.php(56): Symfony\Component\Yaml\Parser->parseFile('fixtures/test.y...', 0)
#3 C:\Users\brion\Documents\IUT\2A\SEMESTRE2\SAE\WEB\SAE_Web\creationBD.php(7): Symfony\Component\Yaml\Yaml::parseFile('fixtures/test.y...')
#4 {main}
  thrown in C:\Users\brion\Documents\IUT\2A\SEMESTRE2\SAE\WEB\SAE_Web\vendor\symfony\yaml\Parser.php on line 441
[28-Jan-2024 06:48:00 UTC] PHP Fatal error:  Uncaught Symfony\Component\Yaml\Exception\ParseException: A colon cannot be used in an unquoted mapping value at line 49 (near " - by: Stray Kids"). in C:\Users\brion\Documents\IUT\2A\SEMESTRE2\SAE\WEB\SAE_Web\vendor\symfony\yaml\Parser.php:788
Stack trace:
#0 C:\Users\brion\Documents\IUT\2A\SEMESTRE2\SAE\WEB\SAE_Web\vendor\symfony\yaml\Parser.php(336): Symfony\Component\Yaml\Parser->parseValue('NOEASY - by: St...', 0, 'mapping')
#1 C:\Users\brion\Documents\IUT\2A\SEMESTRE2\SAE\WEB\SAE_Web\vendor\symfony\yaml\Parser.php(519): Symfony\Component\Yaml\Parser->doParse(2021, 0)
#2 C:\Users\brion\Documents\IUT\2A\SEMESTRE2\SAE\WEB\SAE_Web\vendor\symfony\yaml\Parser.php(190): Symfony\Component\Yaml\Parser->parseBlock(41, 'by: Stray Kids\n...', 0)
#3 C:\Users\brion\Documents\IUT\2A\SEMESTRE2\SAE\WEB\SAE_Web\vendor\symfony\yaml\Parser.php(86): Symfony\Component\Yaml\Parser->doParse('- by: Stray Kid...', 0)
#4 C:\Users\brion\Documents\IUT\2A\SEMESTRE2\SAE\WEB\SAE_Web\vendor\symfony\yaml\Parser.php(63): Symfony\Component\Yaml\Parser->parse('- by: Stray Kid...', 0)
#5 C:\Users\brion\Documents\IUT\2A\SEMESTRE2\SAE\WEB\SAE_Web\vendor\symfony\yaml\Yaml.php(56): Symfony\Component\Yaml\Parser->parseFile('fixtures/test.y...', 0)
#6 C:\Users\brion\Documents\IUT\2A\SEMESTRE2\SAE\WEB\SAE_Web\creationBD.php(7): Symfony\Component\Yaml\Yaml::parseFile('fixtures/test.y...')
#7 {main}
  thrown in C:\Users\brion\Documents\IUT\2A\SEMESTRE2\SAE\WEB\SAE_Web\vendor\symfony\yaml\Parser.php on line 788
[28-Jan-2024 06:48:26 UTC] PHP Warning:  Array to string conversion in C:\Users\brion\Documents\IUT\2A\SEMESTRE2\SAE\WEB\SAE_Web\creationBD.php on line 8
[28-Jan-2024 07:11:00 UTC] PHP Fatal error:  Uncaught Error: Class "albumNomImage" not found in C:\Users\brion\Documents\IUT\2A\SEMESTRE2\SAE\WEB\SAE_Web\requeteBase.php:24
Stack trace:
#0 C:\Users\brion\Documents\IUT\2A\SEMESTRE2\SAE\WEB\SAE_Web\accueil.php(21): baseDeDonnée->getAlbum()
#1 {main}
  thrown in C:\Users\brion\Documents\IUT\2A\SEMESTRE2\SAE\WEB\SAE_Web\requeteBase.php on line 24
[28-Jan-2024 07:12:52 UTC] PHP Fatal error:  Uncaught TypeError: Unsupported operand types: string + string in C:\Users\brion\Documents\IUT\2A\SEMESTRE2\SAE\WEB\SAE_Web\requeteBase.php:24
Stack trace:
#0 C:\Users\brion\Documents\IUT\2A\SEMESTRE2\SAE\WEB\SAE_Web\accueil.php(22): baseDeDonnée->getAlbum()
#1 {main}
  thrown in C:\Users\brion\Documents\IUT\2A\SEMESTRE2\SAE\WEB\SAE_Web\requeteBase.php on line 24
